<?xml version="1.0" encoding="UTF-8"?>
<!-- Generated by org.testng.reporters.JUnitReportReporter -->
<testsuite hostname="DESKTOP-2JV28L1" failures="0" tests="3" name="testjava.LogInTest" time="3.058" errors="0" timestamp="2023-02-09T18:44:04 EST" skipped="0">
  <testcase classname="testjava.LogInTest" name="VerifyUrlOfPage" time="0.020"/>
  <system-out/>
  <testcase classname="testjava.LogInTest" name="VerifyTitleOfLoginPage" time="0.528"/>
  <system-out/>
  <testcase classname="testjava.LogInTest" name="verifyLoginCorrectCredential" time="2.510"/>
  <system-out/>
</testsuite> <!-- testjava.LogInTest -->
